# JRE version: Java(TM) SE Runtime Environment (8.0_92-b14) (build 1.8.0_92-b14)
# Java VM: Java HotSpot(TM) 64-Bit Server VM (25.92-b14 mixed mode windows-amd64 compressed oops)
Heap:
 PSYoungGen      total 57344K, used 45077K [0x0000000780980000, 0x0000000784980000, 0x00000007c0000000)
  eden space 49152K, 75% used [0x0000000780980000,0x0000000782d88de0,0x0000000783980000)
  from space 8192K, 99% used [0x0000000783980000,0x000000078417c820,0x0000000784180000)
  to   space 8192K, 0% used [0x0000000784180000,0x0000000784180000,0x0000000784980000)
 ParOldGen       total 56832K, used 18425K [0x0000000701c00000, 0x0000000705380000, 0x0000000780980000)
  object space 56832K, 32% used [0x0000000701c00000,0x0000000702dfe720,0x0000000705380000)
 Metaspace       used 24706K, capacity 25918K, committed 26240K, reserved 1071104K
  class space    used 3375K, capacity 3640K, committed 3712K, reserved 1048576K
GC Heap History (8 events):
Event: 4.768 GC heap before
{Heap before GC invocations=1 (full 0):
 PSYoungGen      total 57344K, used 43937K [0x0000000780980000, 0x0000000784980000, 0x00000007c0000000)
  eden space 49152K, 89% used [0x0000000780980000,0x0000000783468528,0x0000000783980000)
  from space 8192K, 0% used [0x0000000784180000,0x0000000784180000,0x0000000784980000)
  to   space 8192K, 0% used [0x0000000783980000,0x0000000783980000,0x0000000784180000)
 ParOldGen       total 131072K, used 0K [0x0000000701c00000, 0x0000000709c00000, 0x0000000780980000)
  object space 131072K, 0% used [0x0000000701c00000,0x0000000701c00000,0x0000000709c00000)
 Metaspace       used 20284K, capacity 21198K, committed 21296K, reserved 1067008K
  class space    used 2908K, capacity 3120K, committed 3200K, reserved 1048576K
Event: 4.780 GC heap after
Heap after GC invocations=1 (full 0):
 PSYoungGen      total 57344K, used 7545K [0x0000000780980000, 0x0000000784980000, 0x00000007c0000000)
  eden space 49152K, 0% used [0x0000000780980000,0x0000000780980000,0x0000000783980000)
  from space 8192K, 92% used [0x0000000783980000,0x00000007840de5e8,0x0000000784180000)
  to   space 8192K, 0% used [0x0000000784180000,0x0000000784180000,0x0000000784980000)
 ParOldGen       total 131072K, used 103K [0x0000000701c00000, 0x0000000709c00000, 0x0000000780980000)
  object space 131072K, 0% used [0x0000000701c00000,0x0000000701c19c70,0x0000000709c00000)
 Metaspace       used 20284K, capacity 21198K, committed 21296K, reserved 1067008K
  class space    used 2908K, capacity 3120K, committed 3200K, reserved 1048576K
}
Event: 4.780 GC heap before
{Heap before GC invocations=2 (full 1):
 PSYoungGen      total 57344K, used 7545K [0x0000000780980000, 0x0000000784980000, 0x00000007c0000000)
  eden space 49152K, 0% used [0x0000000780980000,0x0000000780980000,0x0000000783980000)
  from space 8192K, 92% used [0x0000000783980000,0x00000007840de5e8,0x0000000784180000)
  to   space 8192K, 0% used [0x0000000784180000,0x0000000784180000,0x0000000784980000)
 ParOldGen       total 131072K, used 103K [0x0000000701c00000, 0x0000000709c00000, 0x0000000780980000)
  object space 131072K, 0% used [0x0000000701c00000,0x0000000701c19c70,0x0000000709c00000)
 Metaspace       used 20284K, capacity 21198K, committed 21296K, reserved 1067008K
  class space    used 2908K, capacity 3120K, committed 3200K, reserved 1048576K
Event: 4.811 GC heap after
Heap after GC invocations=2 (full 1):
 PSYoungGen      total 57344K, used 0K [0x0000000780980000, 0x0000000784980000, 0x00000007c0000000)
  eden space 49152K, 0% used [0x0000000780980000,0x0000000780980000,0x0000000783980000)
  from space 8192K, 0% used [0x0000000783980000,0x0000000783980000,0x0000000784180000)
  to   space 8192K, 0% used [0x0000000784180000,0x0000000784180000,0x0000000784980000)
 ParOldGen       total 56832K, used 7453K [0x0000000701c00000, 0x0000000705380000, 0x0000000780980000)
  object space 56832K, 13% used [0x0000000701c00000,0x0000000702347768,0x0000000705380000)
 Metaspace       used 20284K, capacity 21198K, committed 21296K, reserved 1067008K
  class space    used 2908K, capacity 3120K, committed 3200K, reserved 1048576K
}
Event: 17.394 GC heap before
{Heap before GC invocations=3 (full 1):
 PSYoungGen      total 57344K, used 49152K [0x0000000780980000, 0x0000000784980000, 0x00000007c0000000)
  eden space 49152K, 100% used [0x0000000780980000,0x0000000783980000,0x0000000783980000)
  from space 8192K, 0% used [0x0000000783980000,0x0000000783980000,0x0000000784180000)
  to   space 8192K, 0% used [0x0000000784180000,0x0000000784180000,0x0000000784980000)
 ParOldGen       total 56832K, used 7453K [0x0000000701c00000, 0x0000000705380000, 0x0000000780980000)
  object space 56832K, 13% used [0x0000000701c00000,0x0000000702347768,0x0000000705380000)
 Metaspace       used 23997K, capacity 25180K, committed 25472K, reserved 1071104K
  class space    used 3356K, capacity 3597K, committed 3712K, reserved 1048576K
Event: 17.400 GC heap after
Heap after GC invocations=3 (full 1):
 PSYoungGen      total 57344K, used 8179K [0x0000000780980000, 0x0000000784980000, 0x00000007c0000000)
  eden space 49152K, 0% used [0x0000000780980000,0x0000000780980000,0x0000000783980000)
  from space 8192K, 99% used [0x0000000784180000,0x000000078497cfe8,0x0000000784980000)
  to   space 8192K, 0% used [0x0000000783980000,0x0000000783980000,0x0000000784180000)
 ParOldGen       total 56832K, used 10530K [0x0000000701c00000, 0x0000000705380000, 0x0000000780980000)
  object space 56832K, 18% used [0x0000000701c00000,0x0000000702648b98,0x0000000705380000)
 Metaspace       used 23997K, capacity 25180K, committed 25472K, reserved 1071104K
  class space    used 3356K, capacity 3597K, committed 3712K, reserved 1048576K
}
Event: 31.193 GC heap before
{Heap before GC invocations=4 (full 1):
 PSYoungGen      total 57344K, used 57331K [0x0000000780980000, 0x0000000784980000, 0x00000007c0000000)
  eden space 49152K, 100% used [0x0000000780980000,0x0000000783980000,0x0000000783980000)
  from space 8192K, 99% used [0x0000000784180000,0x000000078497cfe8,0x0000000784980000)
  to   space 8192K, 0% used [0x0000000783980000,0x0000000783980000,0x0000000784180000)
 ParOldGen       total 56832K, used 10530K [0x0000000701c00000, 0x0000000705380000, 0x0000000780980000)
  object space 56832K, 18% used [0x0000000701c00000,0x0000000702648b98,0x0000000705380000)
 Metaspace       used 24620K, capacity 25918K, committed 26240K, reserved 1071104K
  class space    used 3373K, capacity 3640K, committed 3712K, reserved 1048576K
Event: 31.198 GC heap after
Heap after GC invocations=4 (full 1):
 PSYoungGen      total 57344K, used 8178K [0x0000000780980000, 0x0000000784980000, 0x00000007c0000000)
  eden space 49152K, 0% used [0x0000000780980000,0x0000000780980000,0x0000000783980000)
  from space 8192K, 99% used [0x0000000783980000,0x000000078417c820,0x0000000784180000)
  to   space 8192K, 0% used [0x0000000784180000,0x0000000784180000,0x0000000784980000)
 ParOldGen       total 56832K, used 18425K [0x0000000701c00000, 0x0000000705380000, 0x0000000780980000)
  object space 56832K, 32% used [0x0000000701c00000,0x0000000702dfe720,0x0000000705380000)
 Metaspace       used 24620K, capacity 25918K, committed 26240K, reserved 1071104K
  class space    used 3373K, capacity 3640K, committed 3712K, reserved 1048576K
}

